<?xml version="1.0" encoding="UTF-8"?>
<!-- Generated by org.testng.reporters.JUnitReportReporter -->
<testsuite skipped="1" hostname="SHIVA-PC" name="com.pom.rough.TestFailure" tests="1" failures="0" timestamp="26 Sep 2019 07:28:53 GMT" time="0.019" errors="0">
  <testcase name="login" time="0.019" classname="com.pom.rough.TestFailure">
    <skipped/>
  </testcase> <!-- login -->
</testsuite> <!-- com.pom.rough.TestFailure -->
