<?xml version="1.0" encoding="UTF-8"?>
<!-- Generated by org.testng.reporters.JUnitReportReporter -->
<testsuite skipped="0" hostname="SHIVA-PC" name="com.pom.rough.ParallelTest" tests="2" failures="0" timestamp="27 Sep 2019 16:49:09 GMT" time="6.051" errors="0">
  <testcase name="parallelTest" time="3.042" classname="com.pom.rough.ParallelTest"/>
  <testcase name="parallelTest" time="3.009" classname="com.pom.rough.ParallelTest"/>
</testsuite> <!-- com.pom.rough.ParallelTest -->
