<?xml version="1.0" encoding="UTF-8"?>
<!-- Generated by org.testng.reporters.JUnitReportReporter -->
<testsuite skipped="0" hostname="SHIVA-PC" name="com.pom.rough.TestNG_TestCase" tests="2" failures="0" timestamp="27 Sep 2019 05:54:07 GMT" time="0.017" errors="0">
  <testcase name="userReg" time="0.011" classname="com.pom.rough.TestNG_TestCase"/>
  <testcase name="doLogin" time="0.006" classname="com.pom.rough.TestNG_TestCase"/>
</testsuite> <!-- com.pom.rough.TestNG_TestCase -->
