<?xml version="1.0" encoding="UTF-8"?>
<!-- Generated by org.testng.reporters.JUnitReportReporter -->
<testsuite skipped="0" hostname="SHIVA-PC" name="com.pom.rough.TestInvocation" tests="2" failures="0" timestamp="28 Sep 2019 04:54:27 GMT" time="23.154" errors="0">
  <testcase name="invocationCount" time="6.692" classname="com.pom.rough.TestInvocation"/>
  <testcase name="invocationCount" time="16.462" classname="com.pom.rough.TestInvocation"/>
</testsuite> <!-- com.pom.rough.TestInvocation -->
