<?xml version="1.0" encoding="UTF-8"?>
<!-- Generated by org.testng.reporters.JUnitReportReporter -->
<testsuite skipped="0" hostname="SHIVA-PC" name="com.pom.rough.Parameterization_ExcelData" tests="6" failures="0" timestamp="27 Sep 2019 07:21:47 GMT" time="0.040" errors="0">
  <testcase name="testData" time="0.003" classname="com.pom.rough.Parameterization_ExcelData"/>
  <testcase name="testData" time="0.002" classname="com.pom.rough.Parameterization_ExcelData"/>
  <testcase name="testData" time="0.009" classname="com.pom.rough.Parameterization_ExcelData"/>
  <testcase name="testData" time="0.005" classname="com.pom.rough.Parameterization_ExcelData"/>
  <testcase name="testData" time="0.016" classname="com.pom.rough.Parameterization_ExcelData"/>
  <testcase name="testData" time="0.005" classname="com.pom.rough.Parameterization_ExcelData"/>
</testsuite> <!-- com.pom.rough.Parameterization_ExcelData -->
