<?xml version="1.0" encoding="UTF-8"?>
<!-- Generated by org.testng.reporters.JUnitReportReporter -->
<testsuite skipped="0" hostname="SHIVA-PC" name="com.pom.rough.ParallelDP" tests="2" failures="0" timestamp="27 Sep 2019 16:57:09 GMT" time="6.122" errors="0">
  <testcase name="parallelTest" time="3.006" classname="com.pom.rough.ParallelDP"/>
  <testcase name="parallelTest" time="3.116" classname="com.pom.rough.ParallelDP"/>
</testsuite> <!-- com.pom.rough.ParallelDP -->
