<?xml version="1.0" encoding="UTF-8"?>
<!-- Generated by org.testng.reporters.JUnitReportReporter -->
<testsuite skipped="0" hostname="SHIVA-PC" name="com.pom.rough.Parameterization" tests="3" failures="0" timestamp="27 Sep 2019 06:29:40 GMT" time="0.032" errors="0">
  <testcase name="doLogin" time="0.021" classname="com.pom.rough.Parameterization"/>
  <testcase name="doLogin" time="0.005" classname="com.pom.rough.Parameterization"/>
  <testcase name="doLogin" time="0.006" classname="com.pom.rough.Parameterization"/>
</testsuite> <!-- com.pom.rough.Parameterization -->
