<?xml version="1.0" encoding="UTF-8"?>
<!-- Generated by org.testng.reporters.JUnitReportReporter -->
<testsuite skipped="0" hostname="SHIVA-PC" name="com.pom.rough.NewLoginTest" tests="6" failures="0" timestamp="27 Sep 2019 15:59:09 GMT" time="0.057" errors="0">
  <testcase name="testUserReg" time="0.008" classname="com.pom.rough.NewLoginTest"/>
  <testcase name="testLogin" time="0.005" classname="com.pom.rough.NewLoginTest"/>
  <testcase name="testLogin" time="0.020" classname="com.pom.rough.NewLoginTest"/>
  <testcase name="testUserReg" time="0.007" classname="com.pom.rough.NewLoginTest"/>
  <testcase name="testLogin" time="0.009" classname="com.pom.rough.NewLoginTest"/>
  <testcase name="testUserReg" time="0.008" classname="com.pom.rough.NewLoginTest"/>
</testsuite> <!-- com.pom.rough.NewLoginTest -->
