<?xml version="1.0" encoding="UTF-8"?>
<!-- Generated by org.testng.reporters.JUnitReportReporter -->
<testsuite skipped="0" hostname="SHIVA-PC" name="com.pom.regeression.TestNG_TestCase" tests="2" failures="0" timestamp="27 Sep 2019 05:39:23 GMT" time="0.012" errors="0">
  <testcase name="userReg" time="0.010" classname="com.pom.regeression.TestNG_TestCase"/>
  <testcase name="doLogin" time="0.002" classname="com.pom.regeression.TestNG_TestCase"/>
</testsuite> <!-- com.pom.regeression.TestNG_TestCase -->
