<?xml version="1.0" encoding="UTF-8"?>
<!-- Generated by org.testng.reporters.JUnitReportReporter -->
<testsuite skipped="0" hostname="SHIVA-PC" name="com.pom.rough.TestParameters_testNGXml" tests="2" failures="0" timestamp="27 Sep 2019 16:30:30 GMT" time="0.027" errors="0">
  <testcase name="getBrowser" time="0.020" classname="com.pom.rough.TestParameters_testNGXml"/>
  <testcase name="getBrowser" time="0.007" classname="com.pom.rough.TestParameters_testNGXml"/>
</testsuite> <!-- com.pom.rough.TestParameters_testNGXml -->
