<?xml version="1.0" encoding="UTF-8"?>
<!-- Generated by org.testng.reporters.JUnitReportReporter -->
<testsuite skipped="0" hostname="SHIVA-PC" name="com.pom.rough.Hashtable_forCols" tests="19" failures="0" timestamp="27 Sep 2019 07:57:17 GMT" time="0.075" errors="0">
  <testcase name="testData" time="0.001" classname="com.pom.rough.Hashtable_forCols"/>
  <testcase name="testData" time="0.002" classname="com.pom.rough.Hashtable_forCols"/>
  <testcase name="testData" time="0.005" classname="com.pom.rough.Hashtable_forCols"/>
  <testcase name="testData" time="0.004" classname="com.pom.rough.Hashtable_forCols"/>
  <testcase name="testData" time="0.001" classname="com.pom.rough.Hashtable_forCols"/>
  <testcase name="testData" time="0.006" classname="com.pom.rough.Hashtable_forCols"/>
  <testcase name="testData" time="0.001" classname="com.pom.rough.Hashtable_forCols"/>
  <testcase name="testData" time="0.005" classname="com.pom.rough.Hashtable_forCols"/>
  <testcase name="testData" time="0.005" classname="com.pom.rough.Hashtable_forCols"/>
  <testcase name="testData" time="0.002" classname="com.pom.rough.Hashtable_forCols"/>
  <testcase name="testData" time="0.006" classname="com.pom.rough.Hashtable_forCols"/>
  <testcase name="testData" time="0.005" classname="com.pom.rough.Hashtable_forCols"/>
  <testcase name="testData" time="0.005" classname="com.pom.rough.Hashtable_forCols"/>
  <testcase name="testData" time="0.020" classname="com.pom.rough.Hashtable_forCols"/>
  <testcase name="testData" time="0.002" classname="com.pom.rough.Hashtable_forCols"/>
  <testcase name="testData" time="0.001" classname="com.pom.rough.Hashtable_forCols"/>
  <testcase name="testData" time="0.001" classname="com.pom.rough.Hashtable_forCols"/>
  <testcase name="testData" time="0.001" classname="com.pom.rough.Hashtable_forCols"/>
  <testcase name="testData" time="0.002" classname="com.pom.rough.Hashtable_forCols"/>
</testsuite> <!-- com.pom.rough.Hashtable_forCols -->
